<?xml version="1.0" encoding="UTF-8"?>
<robot generator="Robot 3.1.1 (Python 3.7.1 on win32)" generated="20190127 20:00:35.399" rpa="false">
<suite id="s1" name="Google" source="C:\Users\gf\Documents\GitHub\WebUITest\RobotFramework\google.robot">
<test id="s1-t1" name="User can search bundesbank">
<kw name="Open Browser" library="SeleniumLibrary">
<doc>Opens a new browser instance to the given ``url``.</doc>
<arguments>
<arg>${SERVER}</arg>
<arg>${BROWSER}</arg>
</arguments>
<msg timestamp="20190127 20:00:37.196" level="INFO">Opening browser 'chrome' to base url 'https://www.google.com/'.</msg>
<status status="PASS" starttime="20190127 20:00:37.196" endtime="20190127 20:01:05.827"></status>
</kw>
<kw name="Maximize Browser Window" library="SeleniumLibrary">
<doc>Maximizes current browser window.</doc>
<status status="PASS" starttime="20190127 20:01:05.828" endtime="20190127 20:01:06.991"></status>
</kw>
<kw name="Set Selenium Speed" library="SeleniumLibrary">
<doc>Sets the delay that is waited after each Selenium command.</doc>
<arguments>
<arg>${DELAY}</arg>
</arguments>
<status status="PASS" starttime="20190127 20:01:06.992" endtime="20190127 20:01:06.992"></status>
</kw>
<kw name="Input Text" library="SeleniumLibrary">
<doc>Types the given ``text`` into text field identified by ``locator``.</doc>
<arguments>
<arg>q</arg>
<arg>bundesbank</arg>
</arguments>
<msg timestamp="20190127 20:01:06.993" level="INFO">Typing text 'bundesbank' into text field 'q'.</msg>
<status status="PASS" starttime="20190127 20:01:06.992" endtime="20190127 20:01:10.220"></status>
</kw>
<kw name="Press Keys" library="SeleniumLibrary">
<doc>Simulates user pressing key(s) to an element or on the active browser.</doc>
<arguments>
<arg>None</arg>
<arg>ENTER</arg>
</arguments>
<msg timestamp="20190127 20:01:10.221" level="INFO">Sending key(s) ('ENTER',) to page.</msg>
<msg timestamp="20190127 20:01:10.222" level="INFO">Pressing special key ENTER to browser.</msg>
<status status="PASS" starttime="20190127 20:01:10.221" endtime="20190127 20:01:17.507"></status>
</kw>
<kw name="Click Element" library="SeleniumLibrary">
<doc>Click element identified by ``locator``.</doc>
<arguments>
<arg>xpath://h3[text()='Deutsche Bundesbank: Startseite']</arg>
</arguments>
<msg timestamp="20190127 20:01:17.508" level="INFO">Clicking element 'xpath://h3[text()='Deutsche Bundesbank: Startseite']'.</msg>
<status status="PASS" starttime="20190127 20:01:17.507" endtime="20190127 20:01:40.672"></status>
</kw>
<kw name="Close Browser" library="SeleniumLibrary" type="teardown">
<doc>Closes the current browser.</doc>
<status status="PASS" starttime="20190127 20:01:40.672" endtime="20190127 20:01:43.718"></status>
</kw>
<status status="PASS" starttime="20190127 20:00:37.196" endtime="20190127 20:01:43.718" critical="yes"></status>
</test>
<status status="PASS" starttime="20190127 20:00:35.399" endtime="20190127 20:01:43.718"></status>
</suite>
<statistics>
<total>
<stat pass="1" fail="0">Critical Tests</stat>
<stat pass="1" fail="0">All Tests</stat>
</total>
<tag>
</tag>
<suite>
<stat pass="1" fail="0" id="s1" name="Google">Google</stat>
</suite>
</statistics>
<errors>
</errors>
</robot>
